{"C:\\Users\\edwinsanchez\\OneDrive - Periferia IT Group\\Escritorio\\JavaScript-Capstone\\src\\mockfunctions\\commentcount.js": {"path":"C:\\Users\\edwinsanchez\\OneDrive - Periferia IT Group\\Escritorio\\JavaScript-Capstone\\src\\mockfunctions\\commentcount.js","statementMap":{"0":{"start":{"line":1,"column":22},"end":{"line":4,"column":1}},"1":{"start":{"line":2,"column":25},"end":{"line":2,"column":36}},"2":{"start":{"line":3,"column":2},"end":{"line":3,"column":24}}},"fnMap":{"0":{"name":"(anonymous_0)","decl":{"start":{"line":1,"column":22},"end":{"line":1,"column":23}},"loc":{"start":{"line":1,"column":32},"end":{"line":4,"column":1}},"line":1}},"branchMap":{},"s":{"0":1,"1":1,"2":1},"f":{"0":1},"b":{},"_coverageSchema":"1a1c01bbd47fc00a2c39e90264f33305004495a9","hash":"cc1f3cb344b1a005c246c002a3db0c04cfda7b51"}
,"C:\\Users\\edwinsanchez\\OneDrive - Periferia IT Group\\Escritorio\\JavaScript-Capstone\\src\\modules\\itemsCounter.js": {"path":"C:\\Users\\edwinsanchez\\OneDrive - Periferia IT Group\\Escritorio\\JavaScript-Capstone\\src\\modules\\itemsCounter.js","statementMap":{"0":{"start":{"line":1,"column":21},"end":{"line":4,"column":1}},"1":{"start":{"line":2,"column":19},"end":{"line":2,"column":48}},"2":{"start":{"line":3,"column":2},"end":{"line":3,"column":25}},"3":{"start":{"line":5,"column":0},"end":{"line":5,"column":30}}},"fnMap":{"0":{"name":"(anonymous_0)","decl":{"start":{"line":1,"column":21},"end":{"line":1,"column":22}},"loc":{"start":{"line":1,"column":29},"end":{"line":4,"column":1}},"line":1}},"branchMap":{},"s":{"0":1,"1":3,"2":3,"3":1},"f":{"0":3},"b":{},"_coverageSchema":"1a1c01bbd47fc00a2c39e90264f33305004495a9","hash":"b4ada8a534e36d1db0694551afb071de60e1d4fc"}
}
